e:\c++代码\demo\demo\debug\vc141.pdb
e:\c++代码\demo\demo\debug\vc141.idb
e:\c++代码\demo\demo\debug\棋盘.obj
e:\c++代码\demo\demo\debug\x的y次幂.obj
e:\c++代码\demo\demo\debug\n累加.obj
e:\c++代码\demo\demo\debug\fibonacci.obj
e:\c++代码\demo\demo\debug\legendre.obj
e:\c++代码\demo\demo\debug\employ.obj
e:\c++代码\demo\demo\debug\5_14.obj
e:\c++代码\demo\demo\debug\multiinherit.obj
e:\c++代码\demo\demo\debug\borrowbook.obj
e:\c++代码\demo\demo\debug\throwerror.obj
e:\c++代码\demo\demo\debug\signal.obj
e:\c++代码\demo\demo\debug\表插入排序.obj
e:\c++代码\demo\demo\debug\数组转双向链表.obj
e:\c++代码\demo\demo\debug\小球碰撞问题.obj
e:\c++代码\demo\demo\debug\报数游戏.obj
e:\c++代码\demo\demo\debug\crontab.obj
e:\c++代码\demo\demo\debug\公共钥匙盒.obj
e:\c++代码\demo\demo\debug\json.obj
e:\c++代码\demo\demo\debug\hcode.obj
e:\c++代码\demo\demo\debug\huffcode.obj
e:\c++代码\demo\demo\debug\炉石传说.obj
e:\c++代码\demo\demo\debug\ascii_画图.obj
e:\c++代码\demo\demo\debug\url地址映射.obj
e:\c++代码\demo\demo\debug\test.obj
e:\c++代码\demo\demo\debug\demo.exe
e:\c++代码\demo\demo\debug\demo.ilk
e:\c++代码\demo\demo\debug\demo.pdb
e:\c++代码\demo\demo\debug\enum.obj
e:\c++代码\demo\demo\debug\mammal.obj
e:\c++代码\demo\demo\debug\retest.obj
e:\c++代码\demo\demo\debug\url映射.obj
e:\c++代码\demo\demo\debug\源.obj
e:\c++代码\demo\demo\debug\ascii_画图.obj.enc
e:\c++代码\demo\demo\debug\demo.tlog\cl.command.1.tlog
e:\c++代码\demo\demo\debug\demo.tlog\cl.read.1.tlog
e:\c++代码\demo\demo\debug\demo.tlog\cl.write.1.tlog
e:\c++代码\demo\demo\debug\demo.tlog\link.command.1.tlog
e:\c++代码\demo\demo\debug\demo.tlog\link.read.1.tlog
e:\c++代码\demo\demo\debug\demo.tlog\link.write.1.tlog
